<?xml version="1.0" encoding="UTF-8"?>
<!-- Generated by org.testng.reporters.JUnitReportReporter -->
<testsuite skipped="0" hostname="DESKTOP-4UDJ3JF" name="com.jquery.pages.HomePage" tests="3" failures="0" timestamp="27 Feb 2019 01:14:36 GMT" time="71.143" errors="0">
  <testcase name="Widget" time="39.129" classname="com.jquery.pages.HomePage"/>
  <testcase name="Interactions" time="18.621" classname="com.jquery.pages.HomePage"/>
  <testcase name="Effects" time="13.393" classname="com.jquery.pages.HomePage"/>
</testsuite> <!-- com.jquery.pages.HomePage -->
